
> rutvik-gohel-portfolio@1.0.0 dev
> vite


  [32m[1mVITE[22m v5.4.21[39m  [2mready in [0m[1m662[22m[2m[0m ms[22m

  [32m➜[39m  [1mLocal[22m:   [36mhttp://localhost:[1m5173[22m/[39m
[2m  [32m➜[39m  [1mNetwork[22m[2m: use [22m[1m--host[22m[2m to expose[22m
[2m[32m  ➜[39m[22m[2m  press [22m[1mh + enter[22m[2m to show help[22m
[2m5:18:30 pm[22m [36m[1m[vite][22m[39m [32mhmr update [39m[2m/src/styles/globals.css[22m
[2m5:18:43 pm[22m [36m[1m[vite][22m[39m [32mhmr update [39m[2m/src/features/hero/Hero.tsx, /src/styles/globals.css[22m
[2m5:19:06 pm[22m [36m[1m[vite][22m[39m [32mhmr update [39m[2m/src/features/hero/Hero.tsx, /src/styles/globals.css[22m
[2m5:19:15 pm[22m [36m[1m[vite][22m[39m [32mhmr update [39m[2m/src/features/hero/Hero.tsx, /src/styles/globals.css[22m
[2m5:19:20 pm[22m [36m[1m[vite][22m[39m [32mhmr update [39m[2m/src/features/hero/Hero.tsx, /src/styles/globals.css[22m
[2m5:19:43 pm[22m [36m[1m[vite][22m[39m [32mhmr update [39m[2m/src/features/experience/Experience.tsx, /src/styles/globals.css[22m
[2m5:20:09 pm[22m [36m[1m[vite][22m[39m [32mhmr update [39m[2m/src/features/projects/components/ProjectModal.tsx, /src/styles/globals.css[22m
[2m5:20:22 pm[22m [36m[1m[vite][22m[39m [32mhmr update [39m[2m/src/features/projects/components/ProjectModal.tsx, /src/styles/globals.css[22m
[2m5:20:29 pm[22m [36m[1m[vite][22m[39m [32mhmr update [39m[2m/src/features/projects/components/ProjectModal.tsx, /src/styles/globals.css[22m
[2m5:20:35 pm[22m [36m[1m[vite][22m[39m [32mhmr update [39m[2m/src/features/projects/components/ProjectModal.tsx, /src/styles/globals.css[22m
[2m5:22:05 pm[22m [36m[1m[vite][22m[39m [32mhmr update [39m[2m/src/features/skills/Skills.tsx, /src/styles/globals.css[22m
[2m5:22:20 pm[22m [36m[1m[vite][22m[39m [32mhmr update [39m[2m/src/features/about/About.tsx, /src/styles/globals.css[22m
[2m5:22:32 pm[22m [36m[1m[vite][22m[39m [32mhmr update [39m[2m/src/features/about/About.tsx, /src/styles/globals.css[22m
[2m5:22:36 pm[22m [36m[1m[vite][22m[39m [32mhmr update [39m[2m/src/features/about/About.tsx, /src/styles/globals.css[22m
[2m5:22:43 pm[22m [36m[1m[vite][22m[39m [32mhmr update [39m[2m/src/features/experience/Experience.tsx, /src/styles/globals.css[22m
[2m5:22:53 pm[22m [36m[1m[vite][22m[39m [32mhmr update [39m[2m/src/features/experience/Experience.tsx, /src/styles/globals.css[22m
[2m5:22:58 pm[22m [36m[1m[vite][22m[39m [32mhmr update [39m[2m/src/features/projects/Projects.tsx, /src/styles/globals.css[22m
[2m5:23:04 pm[22m [36m[1m[vite][22m[39m [32mhmr update [39m[2m/src/features/projects/Projects.tsx, /src/styles/globals.css[22m
[2m5:23:11 pm[22m [36m[1m[vite][22m[39m [32mhmr update [39m[2m/src/features/education/Education.tsx, /src/styles/globals.css[22m
[2m5:23:17 pm[22m [36m[1m[vite][22m[39m [32mhmr update [39m[2m/src/features/education/Education.tsx, /src/styles/globals.css[22m
[2m5:23:23 pm[22m [36m[1m[vite][22m[39m [32mhmr update [39m[2m/src/features/contact/Contact.tsx, /src/styles/globals.css[22m
[2m5:23:32 pm[22m [36m[1m[vite][22m[39m [32mhmr update [39m[2m/src/features/contact/Contact.tsx, /src/styles/globals.css[22m
[2m5:23:38 pm[22m [36m[1m[vite][22m[39m [32mhmr update [39m[2m/src/features/contact/Contact.tsx, /src/styles/globals.css[22m
[2m5:23:48 pm[22m [36m[1m[vite][22m[39m [32mhmr update [39m[2m/src/components/layout/Navbar.tsx, /src/styles/globals.css[22m
[2m5:23:54 pm[22m [36m[1m[vite][22m[39m [32mhmr update [39m[2m/src/features/hero/Hero.tsx, /src/styles/globals.css[22m
[2m1:14:12 pm[22m [36m[1m[vite][22m[39m [32mhmr update [39m[2m/src/styles/globals.css[22m
[2m1:14:17 pm[22m [36m[1m[vite][22m[39m [32mhmr update [39m[2m/src/styles/globals.css[22m
[2m1:15:24 pm[22m [36m[1m[vite][22m[39m [32mhmr update [39m[2m/src/features/hero/Hero.tsx, /src/styles/globals.css[22m
[2m1:16:23 pm[22m [36m[1m[vite][22m[39m [32mhmr update [39m[2m/src/features/about/About.tsx, /src/styles/globals.css[22m
[2m1:17:14 pm[22m [36m[1m[vite][22m[39m [32mhmr update [39m[2m/src/features/experience/Experience.tsx, /src/styles/globals.css[22m
[2m1:17:57 pm[22m [36m[1m[vite][22m[39m [32mhmr update [39m[2m/src/features/projects/components/ProjectCard.tsx, /src/styles/globals.css[22m
[2m1:19:07 pm[22m [36m[1m[vite][22m[39m [32mhmr update [39m[2m/src/features/skills/Skills.tsx, /src/styles/globals.css[22m
[2m1:23:45 pm[22m [36m[1m[vite][22m[39m [32mhmr update [39m[2m/src/features/projects/components/ProjectModal.tsx, /src/styles/globals.css[22m
[2m1:27:28 pm[22m [36m[1m[vite][22m[39m [32mhmr update [39m[2m/src/features/projects/components/ProjectModal.tsx, /src/styles/globals.css[22m
[2m1:29:57 pm[22m [36m[1m[vite][22m[39m [32mhmr update [39m[2m/src/features/projects/components/ProjectModal.tsx, /src/styles/globals.css[22m
[2m1:30:11 pm[22m [36m[1m[vite][22m[39m [32mhmr update [39m[2m/src/features/projects/components/ProjectModal.tsx, /src/styles/globals.css[22m
[2m1:34:02 pm[22m [36m[1m[vite][22m[39m [32mhmr update [39m[2m/src/styles/globals.css[22m
[2m1:34:14 pm[22m [36m[1m[vite][22m[39m [32mhmr update [39m[2m/src/features/projects/components/ProjectModal.tsx, /src/styles/globals.css[22m
[2m1:36:19 pm[22m [36m[1m[vite][22m[39m [32mhmr update [39m[2m/src/styles/globals.css[22m
[2m1:36:23 pm[22m [36m[1m[vite][22m[39m [32mhmr update [39m[2m/src/features/projects/components/ProjectModal.tsx, /src/styles/globals.css[22m
[2m1:36:31 pm[22m [36m[1m[vite][22m[39m [32mhmr update [39m[2m/src/features/projects/components/ProjectModal.tsx, /src/styles/globals.css[22m
[2m1:36:38 pm[22m [36m[1m[vite][22m[39m [32mhmr update [39m[2m/src/features/projects/components/ProjectModal.tsx, /src/styles/globals.css[22m
[2m1:40:38 pm[22m [36m[1m[vite][22m[39m [32mhmr update [39m[2m/src/features/projects/components/ProjectModal.tsx, /src/styles/globals.css[22m
[2m1:43:28 pm[22m [36m[1m[vite][22m[39m [32mhmr update [39m[2m/src/features/projects/components/ProjectModal.tsx, /src/styles/globals.css[22m
[2m1:46:55 pm[22m [36m[1m[vite][22m[39m [32mhmr update [39m[2m/src/features/projects/components/ProjectModal.tsx, /src/styles/globals.css[22m
[2m1:49:05 pm[22m [36m[1m[vite][22m[39m [32mhmr update [39m[2m/src/styles/globals.css[22m
[2m1:49:11 pm[22m [36m[1m[vite][22m[39m [32mhmr update [39m[2m/src/features/projects/components/ProjectModal.tsx, /src/styles/globals.css[22m
[2m2:19:24 pm[22m [31m[1m[vite][22m[39m [31mhttp proxy error: /api/contact[39m
AggregateError [ECONNREFUSED]: 
    at internalConnectMultiple (node:net:1139:18)
    at afterConnectMultiple (node:net:1714:7)
